Build started 5/9/2016 9:36:02 PM.
     1>Project "Z:\gilles\Workspace\Neptune\Build\Targets\x86-microsoft-win32-vs2010\NetPump\NetPump.vcxproj" on node 2 (build target(s)).
     1>InitializeBuildStatus:
         Touching "Debug\NetPump.unsuccessfulbuild".
       ClCompile:
         All outputs are up-to-date.
       ManifestResourceCompile:
         C:\Program Files (x86)\Microsoft SDKs\Windows\v7.0A\bin\rc.exe /nologo /fo"Debug\NetPump.exe.embed.manifest.res" Debug\NetPump_manifest.rc 
       Link:
         C:\Program Files (x86)\Microsoft Visual Studio 10.0\VC\bin\link.exe /ERRORREPORT:PROMPT /OUT:"Z:\gilles\Workspace\Neptune\Build\Targets\x86-microsoft-win32-vs2010\Debug\NetPump.exe" /INCREMENTAL /NOLOGO ws2_32.lib kernel32.lib user32.lib gdi32.lib winspool.lib comdlg32.lib advapi32.lib shell32.lib ole32.lib oleaut32.lib uuid.lib odbc32.lib odbccp32.lib /MANIFEST /ManifestFile:"Debug\NetPump.exe.intermediate.manifest" /MANIFESTUAC:"level='asInvoker' uiAccess='false'" /DEBUG /PDB:"Z:\gilles\Workspace\Neptune\Build\Targets\x86-microsoft-win32-vs2010\Debug\NetPump.pdb" /SUBSYSTEM:CONSOLE /TLBID:1 /DYNAMICBASE /NXCOMPAT /IMPLIB:"Z:\gilles\Workspace\Neptune\Build\Targets\x86-microsoft-win32-vs2010\Debug\NetPump.lib" /MACHINE:X86 Debug\NetPump.exe.embed.manifest.res
         Debug\NetPump.obj
         "Z:\gilles\Workspace\Neptune\Build\Targets\x86-microsoft-win32-vs2010\Debug\Neptune.lib"
       Manifest:
         C:\Program Files (x86)\Microsoft SDKs\Windows\v7.0A\bin\mt.exe /nologo /verbose /out:"Debug\NetPump.exe.embed.manifest" /manifest Debug\NetPump.exe.intermediate.manifest
         C:\Program Files (x86)\Microsoft SDKs\Windows\v7.0A\bin\rc.exe /nologo /fo"Debug\NetPump.exe.embed.manifest.res" Debug\NetPump_manifest.rc 
       LinkEmbedManifest:
         C:\Program Files (x86)\Microsoft Visual Studio 10.0\VC\bin\link.exe /ERRORREPORT:PROMPT /OUT:"Z:\gilles\Workspace\Neptune\Build\Targets\x86-microsoft-win32-vs2010\Debug\NetPump.exe" /INCREMENTAL /NOLOGO ws2_32.lib kernel32.lib user32.lib gdi32.lib winspool.lib comdlg32.lib advapi32.lib shell32.lib ole32.lib oleaut32.lib uuid.lib odbc32.lib odbccp32.lib /MANIFEST /ManifestFile:"Debug\NetPump.exe.intermediate.manifest" /MANIFESTUAC:"level='asInvoker' uiAccess='false'" /DEBUG /PDB:"Z:\gilles\Workspace\Neptune\Build\Targets\x86-microsoft-win32-vs2010\Debug\NetPump.pdb" /SUBSYSTEM:CONSOLE /TLBID:1 /DYNAMICBASE /NXCOMPAT /IMPLIB:"Z:\gilles\Workspace\Neptune\Build\Targets\x86-microsoft-win32-vs2010\Debug\NetPump.lib" /MACHINE:X86 Debug\NetPump.exe.embed.manifest.res
         Debug\NetPump.obj
         "Z:\gilles\Workspace\Neptune\Build\Targets\x86-microsoft-win32-vs2010\Debug\Neptune.lib"
         NetPump.vcxproj -> Z:\gilles\Workspace\Neptune\Build\Targets\x86-microsoft-win32-vs2010\Debug\NetPump.exe
       FinalizeBuildStatus:
         Deleting file "Debug\NetPump.unsuccessfulbuild".
         Touching "Debug\NetPump.lastbuildstate".
     1>Done Building Project "Z:\gilles\Workspace\Neptune\Build\Targets\x86-microsoft-win32-vs2010\NetPump\NetPump.vcxproj" (build target(s)).

Build succeeded.

Time Elapsed 00:00:02.99
