Build started 5/9/2016 9:36:06 PM.
     1>Project "Z:\gilles\Workspace\Neptune\Build\Targets\x86-microsoft-win32-vs2010\SharedVariables1\SharedVariables1.vcxproj" on node 2 (build target(s)).
     1>InitializeBuildStatus:
         Touching "Debug\SharedVariables1.unsuccessfulbuild".
       ClCompile:
         All outputs are up-to-date.
       ManifestResourceCompile:
         C:\Program Files (x86)\Microsoft SDKs\Windows\v7.0A\bin\rc.exe /nologo /fo"Debug\SharedVariables1.exe.embed.manifest.res" Debug\SharedVariables1_manifest.rc 
       Link:
         C:\Program Files (x86)\Microsoft Visual Studio 10.0\VC\bin\link.exe /ERRORREPORT:PROMPT /OUT:"Z:\gilles\Workspace\Neptune\Build\Targets\x86-microsoft-win32-vs2010\Debug\SharedVariables1.exe" /INCREMENTAL /NOLOGO kernel32.lib user32.lib gdi32.lib winspool.lib comdlg32.lib advapi32.lib shell32.lib ole32.lib oleaut32.lib uuid.lib odbc32.lib odbccp32.lib /MANIFEST /ManifestFile:"Debug\SharedVariables1.exe.intermediate.manifest" /MANIFESTUAC:"level='asInvoker' uiAccess='false'" /DEBUG /PDB:"Z:\gilles\Workspace\Neptune\Build\Targets\x86-microsoft-win32-vs2010\Debug\SharedVariables1.pdb" /SUBSYSTEM:CONSOLE /TLBID:1 /DYNAMICBASE /NXCOMPAT /IMPLIB:"Z:\gilles\Workspace\Neptune\Build\Targets\x86-microsoft-win32-vs2010\Debug\SharedVariables1.lib" /MACHINE:X86 Debug\SharedVariables1.exe.embed.manifest.res
         Debug\SharedVariablesTest1.obj
         "Z:\gilles\Workspace\Neptune\Build\Targets\x86-microsoft-win32-vs2010\Debug\Neptune.lib"
       Manifest:
         C:\Program Files (x86)\Microsoft SDKs\Windows\v7.0A\bin\mt.exe /nologo /verbose /out:"Debug\SharedVariables1.exe.embed.manifest" /manifest Debug\SharedVariables1.exe.intermediate.manifest
         C:\Program Files (x86)\Microsoft SDKs\Windows\v7.0A\bin\rc.exe /nologo /fo"Debug\SharedVariables1.exe.embed.manifest.res" Debug\SharedVariables1_manifest.rc 
       LinkEmbedManifest:
         All outputs are up-to-date.
         SharedVariables1.vcxproj -> Z:\gilles\Workspace\Neptune\Build\Targets\x86-microsoft-win32-vs2010\Debug\SharedVariables1.exe
       FinalizeBuildStatus:
         Deleting file "Debug\SharedVariables1.unsuccessfulbuild".
         Touching "Debug\SharedVariables1.lastbuildstate".
     1>Done Building Project "Z:\gilles\Workspace\Neptune\Build\Targets\x86-microsoft-win32-vs2010\SharedVariables1\SharedVariables1.vcxproj" (build target(s)).

Build succeeded.

Time Elapsed 00:00:01.55
