Build started 5/9/2016 9:39:20 PM.
     1>Project "Z:\gilles\Workspace\Neptune\Build\Targets\x86-microsoft-win32-vs2010\NetGet\NetGet.vcxproj" on node 3 (build target(s)).
     1>InitializeBuildStatus:
         Creating "Release\NetGet.unsuccessfulbuild" because "AlwaysCreate" was specified.
       ClCompile:
         C:\Program Files (x86)\Microsoft Visual Studio 10.0\VC\bin\CL.exe /c /I..\..\..\..\Source\Config /I..\..\..\..\Source\Core /I..\..\..\..\Source\Neptune /Zi /nologo /W3 /WX- /O2 /Oi /Oy- /GL /D WIN32 /D NDEBUG /D _CONSOLE /D _UNICODE /D UNICODE /Gm- /EHsc /MT /GS /Gy /fp:precise /Zc:wchar_t /Zc:forScope /Fo"Release\\" /Fd"Release\vc100.pdb" /Gd /TP /analyze- /errorReport:prompt ..\..\..\..\Source\Apps\NetGet\NetGet.cpp
         NetGet.cpp
     1>..\..\..\..\Source\Apps\NetGet\NetGet.cpp(252): warning C4244: '=' : conversion from 'double' to 'unsigned int', possible loss of data
     1>..\..\..\..\Source\Apps\NetGet\NetGet.cpp(256): warning C4244: '=' : conversion from 'double' to 'unsigned int', possible loss of data
       Link:
         C:\Program Files (x86)\Microsoft Visual Studio 10.0\VC\bin\link.exe /ERRORREPORT:PROMPT /OUT:"Z:\gilles\Workspace\Neptune\Build\Targets\x86-microsoft-win32-vs2010\Release\NetGet.exe" /INCREMENTAL:NO /NOLOGO kernel32.lib user32.lib gdi32.lib winspool.lib comdlg32.lib advapi32.lib shell32.lib ole32.lib oleaut32.lib uuid.lib odbc32.lib odbccp32.lib /MANIFEST /ManifestFile:"Release\NetGet.exe.intermediate.manifest" /MANIFESTUAC:"level='asInvoker' uiAccess='false'" /DEBUG /PDB:"Z:\gilles\Workspace\Neptune\Build\Targets\x86-microsoft-win32-vs2010\Release\NetGet.pdb" /SUBSYSTEM:CONSOLE /OPT:REF /OPT:ICF /LTCG /TLBID:1 /DYNAMICBASE /NXCOMPAT /IMPLIB:"Z:\gilles\Workspace\Neptune\Build\Targets\x86-microsoft-win32-vs2010\Release\NetGet.lib" /MACHINE:X86 Release\NetGet.obj
         "Z:\gilles\Workspace\Neptune\Build\Targets\x86-microsoft-win32-vs2010\Release\Neptune.lib"
         Generating code
         Finished generating code
         NetGet.vcxproj -> Z:\gilles\Workspace\Neptune\Build\Targets\x86-microsoft-win32-vs2010\Release\NetGet.exe
       Manifest:
         C:\Program Files (x86)\Microsoft SDKs\Windows\v7.0A\bin\mt.exe /nologo /verbose /outputresource:"Z:\gilles\Workspace\Neptune\Build\Targets\x86-microsoft-win32-vs2010\Release\NetGet.exe;#1" /manifest Release\NetGet.exe.intermediate.manifest
       FinalizeBuildStatus:
         Deleting file "Release\NetGet.unsuccessfulbuild".
         Touching "Release\NetGet.lastbuildstate".
     1>Done Building Project "Z:\gilles\Workspace\Neptune\Build\Targets\x86-microsoft-win32-vs2010\NetGet\NetGet.vcxproj" (build target(s)).

Build succeeded.

Time Elapsed 00:00:02.65
